{
  "stats": {
    "suites": 1,
    "tests": 1,
    "passes": 0,
    "pending": 0,
    "failures": 1,
    "start": "2025-08-21T23:52:36.317Z",
    "end": "2025-08-21T23:52:49.833Z",
    "duration": 13516,
    "testsRegistered": 1,
    "passPercent": 0,
    "pendingPercent": 0,
    "other": 0,
    "hasOther": false,
    "skipped": 0,
    "hasSkipped": false
  },
  "results": [
    {
      "uuid": "5faa5479-dc42-4c94-8fa4-3c8ee10cae10",
      "title": "",
      "fullFile": "cypress\\e2e\\updateCartTest.cy.js",
      "file": "cypress\\e2e\\updateCartTest.cy.js",
      "beforeHooks": [],
      "afterHooks": [],
      "tests": [],
      "suites": [
        {
          "uuid": "8c34206a-7d07-4481-8447-370a1269d7c1",
          "title": "Teste carrinho - Update",
          "fullFile": "",
          "file": "",
          "beforeHooks": [],
          "afterHooks": [],
          "tests": [
            {
              "title": "Atualizar quantidade de item no carrinho",
              "fullTitle": "Teste carrinho - Update Atualizar quantidade de item no carrinho",
              "timedOut": null,
              "duration": 13416,
              "state": "failed",
              "speed": null,
              "pass": false,
              "fail": true,
              "pending": false,
              "context": null,
              "code": "cart.carrinho();\ncy.intercept('PUT', '**/public/updateCart?userId=*', {\n  fixture: 'updateCart.json'\n}).as('updateCart');\ncart.updateQuantity();\n//cy.wait('@updateCart');\ncart.updatedCart().should('contain', '2');",
              "err": {
                "message": "AssertionError: Timed out retrying after 4000ms: expected '<div.css-146c3p1>' to contain '2'",
                "estack": "AssertionError: Timed out retrying after 4000ms: expected '<div.css-146c3p1>' to contain '2'\n    at Context.eval (webpack://cy-intercept/./cypress/e2e/updateCartTest.cy.js:18:23)",
                "diff": null
              },
              "uuid": "f487f227-3cb7-4ee1-91fd-5d2339387471",
              "parentUUID": "8c34206a-7d07-4481-8447-370a1269d7c1",
              "isHook": false,
              "skipped": false
            }
          ],
          "suites": [],
          "passes": [],
          "failures": [
            "f487f227-3cb7-4ee1-91fd-5d2339387471"
          ],
          "pending": [],
          "skipped": [],
          "duration": 13416,
          "root": false,
          "rootEmpty": false,
          "_timeout": 2000
        }
      ],
      "passes": [],
      "failures": [],
      "pending": [],
      "skipped": [],
      "duration": 0,
      "root": true,
      "rootEmpty": true,
      "_timeout": 2000
    }
  ],
  "meta": {
    "mocha": {
      "version": "7.0.1"
    },
    "mochawesome": {
      "options": {
        "quiet": false,
        "reportFilename": "mochawesome",
        "saveHtml": true,
        "saveJson": true,
        "consoleReporter": "spec",
        "useInlineDiffs": false,
        "code": true
      },
      "version": "7.1.3"
    },
    "marge": {
      "options": {
        "reporterFilename": "[name]-results",
        "hyml": true
      },
      "version": "6.2.0"
    }
  }
}